[    0.000000] Initializing cgroup subsys cpuset
[    0.000000] Initializing cgroup subsys cpu
[    0.000000] Initializing cgroup subsys cpuacct
[    0.000000] Linux version 4.4.0-210-generic (buildd@lgw01-amd64-037) (gcc version 5.4.0 20160609 (Ubuntu 5.4.0-6ubuntu1~16.04.12) ) #242-Ubuntu SMP Fri Apr 16 09:57:00 UTC 2021 (Ubuntu 4.4.0-210.242-generic 4.4.262)
[    0.000000] KERNEL supported cpus:
[    0.000000]   Intel GenuineIntel
[    0.000000]   AMD AuthenticAMD
[    0.000000]   NSC Geode by NSC
[    0.000000]   Cyrix CyrixInstead
[    0.000000]   Centaur CentaurHauls
[    0.000000]   Transmeta GenuineTMx86
[    0.000000]   Transmeta TransmetaCPU
[    0.000000]   UMC UMC UMC UMC
[    0.000000] x86/fpu: xstate_offset[2]:  576, xstate_sizes[2]:  256
[    0.000000] x86/fpu: Supporting XSAVE feature 0x01: 'x87 floating point registers'
[    0.000000] x86/fpu: Supporting XSAVE feature 0x02: 'SSE registers'
[    0.000000] x86/fpu: Supporting XSAVE feature 0x04: 'AVX registers'
[    0.000000] x86/fpu: Enabled xstate features 0x7, context size is 832 bytes, using 'standard' format.
[    0.000000] e820: BIOS-provided physical RAM map:
[    0.000000] BIOS-e820: [mem 0x0000000000000000-0x000000000009fbff] usable
[    0.000000] BIOS-e820: [mem 0x000000000009fc00-0x000000000009ffff] reserved
[    0.000000] BIOS-e820: [mem 0x00000000000f0000-0x00000000000fffff] reserved
[    0.000000] BIOS-e820: [mem 0x0000000000100000-0x000000003ffeffff] usable
[    0.000000] BIOS-e820: [mem 0x000000003fff0000-0x000000003fffffff] ACPI data
[    0.000000] BIOS-e820: [mem 0x00000000fec00000-0x00000000fec00fff] reserved
[    0.000000] BIOS-e820: [mem 0x00000000fee00000-0x00000000fee00fff] reserved
[    0.000000] BIOS-e820: [mem 0x00000000fffc0000-0x00000000ffffffff] reserved
[    0.000000] NX (Execute Disable) protection: active
[    0.000000] SMBIOS 2.5 present.
[    0.000000] Hypervisor detected: KVM
[    0.000000] e820: last_pfn = 0x3fff0 max_arch_pfn = 0x1000000
[    0.000000] MTRR: Disabled
[    0.000000] x86/PAT: MTRRs disabled, skipping PAT initialization too.
[    0.000000] CPU MTRRs all blank - virtualized system.
[    0.000000] x86/PAT: Configuration [0-7]: WB  WT  UC- UC  WB  WT  UC- UC  
[    0.000000] found SMP MP-table at [mem 0x0009fff0-0x0009ffff] mapped at [c009fff0]
[    0.000000] Scanning 1 areas for low memory corruption
[    0.000000] RAMDISK: [mem 0x36256000-0x37122fff]
[    0.000000] ACPI: Early table checksum verification disabled
[    0.000000] ACPI: RSDP 0x00000000000E0000 000024 (v02 VBOX  )
[    0.000000] ACPI: XSDT 0x000000003FFF0030 00003C (v01 VBOX   VBOXXSDT 00000001 ASL  00000061)
[    0.000000] ACPI: FACP 0x000000003FFF00F0 0000F4 (v04 VBOX   VBOXFACP 00000001 ASL  00000061)
[    0.000000] ACPI: DSDT 0x000000003FFF0470 002325 (v02 VBOX   VBOXBIOS 00000002 INTL 20100528)
[    0.000000] ACPI: FACS 0x000000003FFF0200 000040
[    0.000000] ACPI: FACS 0x000000003FFF0200 000040
[    0.000000] ACPI: APIC 0x000000003FFF0240 00005C (v02 VBOX   VBOXAPIC 00000001 ASL  00000061)
[    0.000000] ACPI: SSDT 0x000000003FFF02A0 0001CC (v01 VBOX   VBOXCPUT 00000002 INTL 20100528)
[    0.000000] 131MB HIGHMEM available.
[    0.000000] 891MB LOWMEM available.
[    0.000000]   mapped low ram: 0 - 37bfe000
[    0.000000]   low ram: 0 - 37bfe000
[    0.000000] kvm-clock: Using msrs 4b564d01 and 4b564d00
[    0.000000] kvm-clock: cpu 0, msr 0:37bfd001, primary cpu clock
[    0.000000] kvm-clock: using sched offset of 3860732907 cycles
[    0.000000] clocksource: kvm-clock: mask: 0xffffffffffffffff max_cycles: 0x1cd42e4dffb, max_idle_ns: 881590591483 ns
[    0.000000] Zone ranges:
[    0.000000]   DMA      [mem 0x0000000000001000-0x0000000000ffffff]
[    0.000000]   Normal   [mem 0x0000000001000000-0x0000000037bfdfff]
[    0.000000]   HighMem  [mem 0x0000000037bfe000-0x000000003ffeffff]
[    0.000000] Movable zone start for each node
[    0.000000] Early memory node ranges
[    0.000000]   node   0: [mem 0x0000000000001000-0x000000000009efff]
[    0.000000]   node   0: [mem 0x0000000000100000-0x000000003ffeffff]
[    0.000000] Initmem setup node 0 [mem 0x0000000000001000-0x000000003ffeffff]
[    0.000000] Using APIC driver default
[    0.000000] ACPI: PM-Timer IO Port: 0x4008
[    0.000000] IOAPIC[0]: apic_id 2, version 32, address 0xfec00000, GSI 0-23
[    0.000000] ACPI: INT_SRC_OVR (bus 0 bus_irq 0 global_irq 2 dfl dfl)
[    0.000000] ACPI: INT_SRC_OVR (bus 0 bus_irq 9 global_irq 9 low level)
[    0.000000] Using ACPI (MADT) for SMP configuration information
[    0.000000] smpboot: Allowing 2 CPUs, 0 hotplug CPUs
[    0.000000] PM: Registered nosave memory: [mem 0x00000000-0x00000fff]
[    0.000000] PM: Registered nosave memory: [mem 0x0009f000-0x0009ffff]
[    0.000000] PM: Registered nosave memory: [mem 0x000a0000-0x000effff]
[    0.000000] PM: Registered nosave memory: [mem 0x000f0000-0x000fffff]
[    0.000000] e820: [mem 0x40000000-0xfebfffff] available for PCI devices
[    0.000000] Booting paravirtualized kernel on KVM
[    0.000000] clocksource: refined-jiffies: mask: 0xffffffff max_cycles: 0xffffffff, max_idle_ns: 7645519600211568 ns
[    0.000000] setup_percpu: NR_CPUS:8 nr_cpumask_bits:8 nr_cpu_ids:2 nr_node_ids:1
[    0.000000] PERCPU: Embedded 18 pages/cpu @f71b2000 s42956 r0 d30772 u73728
[    0.000000] Built 1 zonelists in Zone order, mobility grouping on.  Total pages: 259800
[    0.000000] Kernel command line: BOOT_IMAGE=/boot/vmlinuz-4.4.0-210-generic root=LABEL=cloudimg-rootfs ro console=tty1 console=ttyS0
[    0.000000] PID hash table entries: 4096 (order: 2, 16384 bytes)
[    0.000000] Dentry cache hash table entries: 131072 (order: 7, 524288 bytes)
[    0.000000] Inode-cache hash table entries: 65536 (order: 6, 262144 bytes)
[    0.000000] Initializing CPU#0
[    0.000000] Initializing HighMem for node 0 (00037bfe:0003fff0)
[    0.000000] Initializing Movable for node 0 (00000000:00000000)
[    0.000000] Memory: 1007596K/1048120K available (8151K kernel code, 787K rwdata, 3216K rodata, 944K init, 724K bss, 40524K reserved, 0K cma-reserved, 135112K highmem)
[    0.000000] virtual kernel memory layout:
[    0.000000]     fixmap  : 0xfff15000 - 0xfffff000   ( 936 kB)
[    0.000000]     pkmap   : 0xffc00000 - 0xffe00000   (2048 kB)
[    0.000000]     vmalloc : 0xf83fe000 - 0xffbfe000   ( 120 MB)
[    0.000000]     lowmem  : 0xc0000000 - 0xf7bfe000   ( 891 MB)
[    0.000000]       .init : 0xc1be2000 - 0xc1cce000   ( 944 kB)
[    0.000000]       .data : 0xc17f61b8 - 0xc1be0d40   (4010 kB)
[    0.000000]       .text : 0xc1000000 - 0xc17f61b8   (8152 kB)
[    0.000000] Checking if this processor honours the WP bit even in supervisor mode...Ok.
[    0.000000] SLUB: HWalign=64, Order=0-3, MinObjects=0, CPUs=2, Nodes=1
[    0.000000] Hierarchical RCU implementation.
[    0.000000] 	Build-time adjustment of leaf fanout to 32.
[    0.000000] 	RCU restricting CPUs from NR_CPUS=8 to nr_cpu_ids=2.
[    0.000000] RCU: Adjusting geometry for rcu_fanout_leaf=32, nr_cpu_ids=2
[    0.000000] NR_IRQS:2304 nr_irqs:440 16
[    0.000000] Console: colour VGA+ 80x25
[    0.000000] console [tty1] enabled
[    0.000000] console [ttyS0] enabled
[    0.000000] allocated 1048576 bytes of page_ext
[    0.000000] tsc: Detected 3192.002 MHz processor
[    0.215939] Calibrating delay loop (skipped) preset value.. 6384.00 BogoMIPS (lpj=12768008)
[    0.218119] pid_max: default: 32768 minimum: 301
[    0.219430] ACPI: Core revision 20150930
[    0.221947] ACPI: 2 ACPI AML tables successfully acquired and loaded
[    0.223755] Security Framework initialized
[    0.224805] Yama: becoming mindful.
[    0.225763] AppArmor: AppArmor initialized
[    0.226828] Mount-cache hash table entries: 2048 (order: 1, 8192 bytes)
[    0.228381] Mountpoint-cache hash table entries: 2048 (order: 1, 8192 bytes)
[    0.230329] Initializing cgroup subsys io
[    0.231454] Initializing cgroup subsys memory
[    0.232684] Initializing cgroup subsys devices
[    0.233934] Initializing cgroup subsys freezer
[    0.235102] Initializing cgroup subsys net_cls
[    0.236350] Initializing cgroup subsys perf_event
[    0.237590] Initializing cgroup subsys net_prio
[    0.238809] Initializing cgroup subsys hugetlb
[    0.240000] Initializing cgroup subsys pids
[    0.243141] mce: CPU supports 0 MCE banks
[    0.244332] Last level iTLB entries: 4KB 128, 2MB 8, 4MB 8
[    0.245679] Last level dTLB entries: 4KB 64, 2MB 0, 4MB 0, 1GB 4
[    0.247292] Spectre V1 : Mitigation: usercopy/swapgs barriers and __user pointer sanitization
[    0.249442] Spectre V2 : Mitigation: Full generic retpoline
[    0.250796] Spectre V2 : Spectre v2 / SpectreRSB mitigation: Filling RSB on context switch
[    0.253141] Speculative Store Bypass: Vulnerable
[    0.254462] SRBDS: Unknown: Dependent on hypervisor status
[    0.256084] MDS: Vulnerable: Clear CPU buffers attempted, no microcode
[    0.261502] Freeing SMP alternatives memory: 36K
[    0.268562] ftrace: allocating 31668 entries in 62 pages
[    0.335675] smpboot: APIC(0) Converting physical 0 to logical package 0
[    0.337358] smpboot: Max logical packages: 1
[    0.338454] Enabling APIC mode:  Flat.  Using 1 I/O APICs
[    0.341369] ..TIMER: vector=0x30 apic1=0 pin1=2 apic2=-1 pin2=-1
[    0.451071] smpboot: CPU0: Intel(R) Core(TM) i5-6500 CPU @ 3.20GHz (family: 0x6, model: 0x5e, stepping: 0x3)
[    0.454127] Performance Events: unsupported p6 CPU model 94 no PMU driver, software events only.
[    0.466282] KVM setup paravirtual spinlock
[    0.468208] x86: Booting SMP configuration:
[    0.469495] .... node  #0, CPUs:      #1
[1266874885.848818] Initializing CPU#1
[    0.471286] kvm-clock: cpu 1, msr 0:37bfd041, secondary cpu clock
[    0.474171] mce: CPU supports 0 MCE banks
[    0.476853] x86: Booted up 1 node, 2 CPUs
[    0.478079] smpboot: Total of 2 processors activated (12768.00 BogoMIPS)
[    0.480441] devtmpfs: initialized
[    0.481611] evm: security.selinux
[    0.482530] evm: security.SMACK64
[    0.483457] evm: security.SMACK64EXEC
[    0.484409] evm: security.SMACK64TRANSMUTE
[    0.485499] evm: security.SMACK64MMAP
[    0.486519] evm: security.ima
[    0.487421] evm: security.capability
[    0.488649] clocksource: jiffies: mask: 0xffffffff max_cycles: 0xffffffff, max_idle_ns: 7645041785100000 ns
[    0.490987] futex hash table entries: 512 (order: 3, 32768 bytes)
[    0.492649] pinctrl core: initialized pinctrl subsystem
[    0.493989] RTC time: 11:27:32, date: 05/07/22
[    0.495282] NET: Registered protocol family 16
[    0.496514] EISA bus registered
[    0.508280] cpuidle: using governor ladder
[    0.524115] cpuidle: using governor menu
[    0.528067] PCCT header not found.
[    0.531973] ACPI: bus type PCI registered
[    0.535895] acpiphp: ACPI Hot Plug PCI Controller Driver version: 0.5
[    0.540359] PCI : PCI BIOS area is rw and x. Use pci=nobios if you want it NX.
[    0.544152] PCI: PCI BIOS revision 2.10 entry at 0xfda26, last bus=0
[    0.546797] PCI: Using configuration type 1 for base access
[    0.562250] ACPI: Added _OSI(Module Device)
[    0.563469] ACPI: Added _OSI(Processor Device)
[    0.564611] ACPI: Added _OSI(3.0 _SCP Extensions)
[    0.565932] ACPI: Added _OSI(Processor Aggregator Device)
[    0.568020] ACPI: Executed 1 blocks of module-level executable AML code
[    0.571961] ACPI: Interpreter enabled
[    0.572981] ACPI: (supports S0 S5)
[    0.573939] ACPI: Using IOAPIC for interrupt routing
[    0.587857] PCI: Using host bridge windows from ACPI; if necessary, use "pci=nocrs" and report a bug
[    0.594547] ACPI: PCI Root Bridge [PCI0] (domain 0000 [bus 00-ff])
[    0.596261] acpi PNP0A03:00: _OSC: OS supports [ASPM ClockPM Segments MSI]
[    0.598556] acpi PNP0A03:00: _OSC: not requesting OS control; OS requires [ExtendedConfig ASPM ClockPM MSI]
[    0.602283] acpi PNP0A03:00: fail to add MMCONFIG information, can't access extended PCI configuration space under this bridge.
[    0.607119] PCI host bridge to bus 0000:00
[    0.608817] pci_bus 0000:00: root bus resource [io  0x0000-0x0cf7 window]
[    0.611326] pci_bus 0000:00: root bus resource [io  0x0d00-0xffff window]
[    0.613438] pci_bus 0000:00: root bus resource [mem 0x000a0000-0x000bffff window]
[    0.616120] pci_bus 0000:00: root bus resource [mem 0x40000000-0xfdffffff window]
[    0.618444] pci_bus 0000:00: root bus resource [bus 00-ff]
[    0.622043] pci 0000:00:01.1: legacy IDE quirk: reg 0x10: [io  0x01f0-0x01f7]
[    0.624330] pci 0000:00:01.1: legacy IDE quirk: reg 0x14: [io  0x03f6]
[    0.626019] pci 0000:00:01.1: legacy IDE quirk: reg 0x18: [io  0x0170-0x0177]
[    0.627996] pci 0000:00:01.1: legacy IDE quirk: reg 0x1c: [io  0x0376]
[    0.655182] pci 0000:00:07.0: quirk: [io  0x4000-0x403f] claimed by PIIX4 ACPI
[    0.657219] pci 0000:00:07.0: quirk: [io  0x4100-0x410f] claimed by PIIX4 SMB
[    0.665906] ACPI: PCI Interrupt Link [LNKA] (IRQs 5 9 10 *11)
[    0.668203] ACPI: PCI Interrupt Link [LNKB] (IRQs 5 9 *10 11)
[    0.670474] ACPI: PCI Interrupt Link [LNKC] (IRQs 5 *9 10 11)
[    0.672981] ACPI: PCI Interrupt Link [LNKD] (IRQs 5 9 10 *11)
[    0.675570] ACPI: Enabled 2 GPEs in block 00 to 07
[    0.677880] vgaarb: setting as boot device: PCI:0000:00:02.0
[    0.679734] vgaarb: device added: PCI:0000:00:02.0,decodes=io+mem,owns=io+mem,locks=none
[    0.681982] vgaarb: loaded
[    0.682791] vgaarb: bridge control possible 0000:00:02.0
[    0.684334] SCSI subsystem initialized
[    0.685599] ACPI: bus type USB registered
[    0.686699] usbcore: registered new interface driver usbfs
[    0.688217] usbcore: registered new interface driver hub
[    0.689620] usbcore: registered new device driver usb
[    0.691198] PCI: Using ACPI for IRQ routing
[    0.692500] NetLabel: Initializing
[    0.693427] NetLabel:  domain hash size = 128
[    0.694544] NetLabel:  protocols = UNLABELED CIPSOv4
[    0.695774] NetLabel:  unlabeled traffic allowed by default
[    0.697255] amd_nb: Cannot enumerate AMD northbridges
[    0.698527] clocksource: Switched to clocksource kvm-clock
[    0.708477] AppArmor: AppArmor Filesystem Enabled
[    0.709713] pnp: PnP ACPI init
[    0.711384] pnp: PnP ACPI: found 3 devices
[    0.712382] PnPBIOS: Disabled by ACPI PNP
[    0.755126] clocksource: acpi_pm: mask: 0xffffff max_cycles: 0xffffff, max_idle_ns: 2085701024 ns
[    0.757371] NET: Registered protocol family 2
[    0.758782] TCP established hash table entries: 8192 (order: 3, 32768 bytes)
[    0.760567] TCP bind hash table entries: 8192 (order: 4, 65536 bytes)
[    0.762039] TCP: Hash tables configured (established 8192 bind 8192)
[    0.763613] UDP hash table entries: 512 (order: 2, 16384 bytes)
[    0.764908] UDP-Lite hash table entries: 512 (order: 2, 16384 bytes)
[    0.766483] NET: Registered protocol family 1
[    0.767593] pci 0000:00:00.0: Limiting direct PCI/PCI transfers
[    0.769089] pci 0000:00:01.0: Activating ISA DMA hang workarounds
[    0.770732] Unpacking initramfs...
[    1.033408] Freeing initrd memory: 15156K
[    1.034605] clocksource: tsc: mask: 0xffffffffffffffff max_cycles: 0x2e02c6b261a, max_idle_ns: 440795349838 ns
[    1.037224] platform rtc_cmos: registered platform RTC device (no PNP device found)
[    1.039357] Scanning for low memory corruption every 60 seconds
[    1.041483] audit: initializing netlink subsys (disabled)
[    1.042901] audit: type=2000 audit(1651922858.178:1): initialized
[    1.044601] Initialise system trusted keyring
[    1.046203] HugeTLB registered 2 MB page size, pre-allocated 0 pages
[    1.049190] zbud: loaded
[    1.050199] VFS: Disk quotas dquot_6.6.0
[    1.051312] VFS: Dquot-cache hash table entries: 1024 (order 0, 4096 bytes)
[    1.053113] squashfs: version 4.0 (2009/01/31) Phillip Lougher
[    1.054827] fuse init (API version 7.23)
[    1.055942] Key type big_key registered
[    1.056995] Allocating IMA MOK and blacklist keyrings.
[    1.062004] Key type asymmetric registered
[    1.063331] Asymmetric key parser 'x509' registered
[    1.064580] bounce: pool size: 64 pages
[    1.065754] Block layer SCSI generic (bsg) driver version 0.4 loaded (major 249)
[    1.067991] io scheduler noop registered
[    1.069038] io scheduler deadline registered (default)
[    1.070378] io scheduler cfq registered
[    1.071602] pci_hotplug: PCI Hot Plug PCI Core version: 0.5
[    1.073261] pciehp: PCI Express Hot Plug Controller Driver version: 0.4
[    1.075038] ACPI: AC Adapter [AC] (on-line)
[    1.076395] input: Power Button as /devices/LNXSYSTM:00/LNXPWRBN:00/input/input0
[    1.078333] ACPI: Power Button [PWRF]
[    1.079507] input: Sleep Button as /devices/LNXSYSTM:00/LNXSLPBN:00/input/input1
[    1.081592] ACPI: Sleep Button [SLPF]
[    1.083102] GHES: HEST is not enabled!
[    1.084253] isapnp: Scanning for PnP cards...
[    1.090716] Serial: 8250/16550 driver, 32 ports, IRQ sharing enabled
[    1.112973] 00:02: ttyS0 at I/O 0x3f8 (irq = 4, base_baud = 115200) is a 16550A
[    1.116088] Linux agpgart interface v0.103
[    1.118373] loop: module loaded
[    1.119938] scsi host0: ata_piix
[    1.120996] scsi host1: ata_piix
[    1.122086] ata1: PATA max UDMA/33 cmd 0x1f0 ctl 0x3f6 bmdma 0xd000 irq 14
[    1.123931] ata2: PATA max UDMA/33 cmd 0x170 ctl 0x376 bmdma 0xd008 irq 15
[    1.125947] libphy: Fixed MDIO Bus: probed
[    1.127147] tun: Universal TUN/TAP device driver, 1.6
[    1.128441] tun: (C) 1999-2004 Max Krasnyansky <maxk@qualcomm.com>
[    1.130303] PPP generic driver version 2.4.2
[    1.131678] ehci_hcd: USB 2.0 'Enhanced' Host Controller (EHCI) Driver
[    1.133331] ehci-pci: EHCI PCI platform driver
[    1.134695] ehci-platform: EHCI generic platform driver
[    1.136483] ohci_hcd: USB 1.1 'Open' Host Controller (OHCI) Driver
[    1.138047] ohci-pci: OHCI PCI platform driver
[    1.139420] ohci-platform: OHCI generic platform driver
[    1.140756] uhci_hcd: USB Universal Host Controller Interface driver
[    1.142548] i8042: PNP: PS/2 Controller [PNP0303:PS2K,PNP0f03:PS2M] at 0x60,0x64 irq 1,12
[    1.145382] serio: i8042 KBD port at 0x60,0x64 irq 1
[    1.146768] serio: i8042 AUX port at 0x60,0x64 irq 12
[    1.148219] mousedev: PS/2 mouse device common for all mice
[    1.150213] rtc_cmos rtc_cmos: rtc core: registered rtc_cmos as rtc0
[    1.152021] input: AT Translated Set 2 keyboard as /devices/platform/i8042/serio0/input/input2
[    1.154319] rtc_cmos rtc_cmos: alarms up to one day, 114 bytes nvram
[    1.155974] i2c /dev entries driver
[    1.157117] device-mapper: uevent: version 1.0.3
[    1.158366] device-mapper: ioctl: 4.34.0-ioctl (2015-10-28) initialised: dm-devel@redhat.com
[    1.160636] platform eisa.0: Probing EISA bus 0
[    1.161886] platform eisa.0: EISA: Cannot allocate resource for mainboard
[    1.163598] platform eisa.0: Cannot allocate resource for EISA slot 1
[    1.165244] platform eisa.0: Cannot allocate resource for EISA slot 2
[    1.166932] platform eisa.0: Cannot allocate resource for EISA slot 3
[    1.168447] platform eisa.0: Cannot allocate resource for EISA slot 4
[    1.170097] platform eisa.0: Cannot allocate resource for EISA slot 5
[    1.171659] platform eisa.0: Cannot allocate resource for EISA slot 6
[    1.173301] platform eisa.0: Cannot allocate resource for EISA slot 7
[    1.174999] platform eisa.0: Cannot allocate resource for EISA slot 8
[    1.176703] platform eisa.0: EISA: Detected 0 cards
[    1.177995] cpufreq-nforce2: No nForce2 chipset.
[    1.179546] ledtrig-cpu: registered to indicate activity on CPUs
[    1.181293] NET: Registered protocol family 10
[    1.182710] NET: Registered protocol family 17
[    1.183957] Key type dns_resolver registered
[    1.185243] Using IPI No-Shortcut mode
[    1.186384] registered taskstats version 1
[    1.187623] Loading compiled-in X.509 certificates
[    1.190705] Loaded X.509 cert 'Build time autogenerated kernel key: 20ac0ed02049a72ce76c079ea50dd43d3ac5969c'
[    1.193225] zswap: loaded using pool lzo/zbud
[    1.195805] Key type trusted registered
[    1.199541] Key type encrypted registered
[    1.200730] AppArmor: AppArmor sha1 policy hashing enabled
[    1.202286] ima: No TPM chip found, activating TPM-bypass!
[    1.203834] ima: Allocated hash algorithm: sha1
[    1.205067] evm: HMAC attrs: 0x1
[    1.206296]   Magic number: 6:610:478
[    1.207532] rtc rtc0: hash matches
[    1.208680] rtc_cmos rtc_cmos: setting system clock to 2022-05-07 11:27:33 UTC (1651922853)
[    1.211096] BIOS EDD facility v0.16 2004-Jun-25, 0 devices found
[    1.212842] EDD information not available.
[    1.442973] isapnp: No Plug & Play device found
[    1.444624] Freeing unused kernel memory: 944K
[    2.099924] Write protecting the kernel text: 8156k
[    2.104509] Write protecting the kernel read-only data: 3220k
[    2.105909] NX-protecting the kernel data: 6180k
Loading, please wait...
starting version 229
[    2.121341] random: systemd-udevd: uninitialized urandom read (16 bytes read, 0 bits of entropy available)
[    2.122070] random: udevadm: uninitialized urandom read (16 bytes read, 0 bits of entropy available)
[    2.126704] random: systemd-udevd: uninitialized urandom read (16 bytes read, 0 bits of entropy available)
[    2.129041] random: systemd-udevd: uninitialized urandom read (16 bytes read, 0 bits of entropy available)
[    2.132946] random: udevadm: uninitialized urandom read (16 bytes read, 0 bits of entropy available)
[    2.135326] random: systemd-udevd: uninitialized urandom read (16 bytes read, 0 bits of entropy available)
[    2.135405] random: udevadm: uninitialized urandom read (16 bytes read, 0 bits of entropy available)
[    2.135552] random: udevadm: uninitialized urandom read (16 bytes read, 0 bits of entropy available)
[    2.135604] random: udevadm: uninitialized urandom read (16 bytes read, 0 bits of entropy available)
[    2.135672] random: udevadm: uninitialized urandom read (16 bytes read, 0 bits of entropy available)
[    2.199560] Fusion MPT base driver 3.04.20
[    2.200742] Copyright (c) 1999-2008 LSI Corporation
[    2.208827] e1000: Intel(R) PRO/1000 Network Driver - version 7.3.21-k8-NAPI
[    2.210514] e1000: Copyright (c) 1999-2006 Intel Corporation.
[    2.237266] [drm] Initialized drm 1.1.0 20060810
[    2.256901] Fusion MPT SPI Host driver 3.04.20
[    2.263696] vboxvideo: loading out-of-tree module taints kernel.
[    2.265477] vboxvideo: module verification failed: signature and/or required key missing - tainting kernel
[    2.280989] vboxvideo: loading version 6.1.34 r150636
[    2.453138] input: ImExPS/2 Generic Explorer Mouse as /devices/platform/i8042/serio1/input/input4
[    2.611905] e1000 0000:00:03.0 eth0: (PCI:33MHz:32-bit) 02:4c:f1:9f:ae:47
[    2.613722] e1000 0000:00:03.0 eth0: Intel(R) PRO/1000 Network Connection
[    2.616852] mptbase: ioc0: Initiating bringup
[    2.618982] e1000 0000:00:03.0 enp0s3: renamed from eth0
[    2.679220] ioc0: LSI53C1030 A0: Capabilities={Initiator}
[    2.846085] scsi host2: ioc0: LSI53C1030 A0, FwRev=00000000h, Ports=1, MaxQ=256, IRQ=20
[    2.960747] scsi 2:0:0:0: Direct-Access     VBOX     HARDDISK         1.0  PQ: 0 ANSI: 5
[    2.967122] scsi target2:0:0: Beginning Domain Validation
[    2.968921] [drm] VRAM 01000000
[    2.970519] [TTM] Zone  kernel: Available graphics memory: 444310 kiB
[    2.972187] [TTM] Zone highmem: Available graphics memory: 511866 kiB
[    2.973669] [TTM] Initializing pool allocator
[    2.974781] [TTM] Initializing DMA pool allocator
[    2.978583] scsi target2:0:0: Domain Validation skipping write tests
[    2.980356] scsi target2:0:0: Ending Domain Validation
[    2.981792] scsi target2:0:0: asynchronous
[    2.982978] fbcon: vboxdrmfb (fb0) is primary device
[    2.990225] scsi 2:0:1:0: Direct-Access     VBOX     HARDDISK         1.0  PQ: 0 ANSI: 5
[    2.990231] scsi target2:0:1: Beginning Domain Validation
[    2.991992] Console: switching to colour frame buffer device 100x37
[    2.995817] scsi target2:0:1: Domain Validation skipping write tests
[    2.995818] scsi target2:0:1: Ending Domain Validation
[    2.996773] scsi target2:0:1: asynchronous
[    3.001039] vboxvideo 0000:00:02.0: fb0: vboxdrmfb frame buffer device
[    3.011194] sd 2:0:0:0: Attached scsi generic sg0 type 0
[    3.012333] sd 2:0:0:0: [sda] 83886080 512-byte logical blocks: (42.9 GB/40.0 GiB)
[    3.012804] sd 2:0:1:0: [sdb] 20480 512-byte logical blocks: (10.5 MB/10.0 MiB)
[    3.013197] sd 2:0:1:0: [sdb] Write Protect is off
[    3.013443] sd 2:0:1:0: [sdb] Incomplete mode parameter data
[    3.013444] sd 2:0:1:0: [sdb] Assuming drive cache: write through
[    3.014655] [drm] Initialized vboxvideo 1.0.0 20130823 for 0000:00:02.0 on minor 0
[    3.016507] sd 2:0:1:0: Attached scsi generic sg1 type 0
[    3.022550] sd 2:0:0:0: [sda] Write Protect is off
[    3.024035] sd 2:0:0:0: [sda] Incomplete mode parameter data
[    3.025089] sd 2:0:0:0: [sda] Assuming drive cache: write through
[    3.051379]  sda: sda1
[    3.053111] sd 2:0:1:0: [sdb] Attached SCSI disk
[    3.055626] sd 2:0:0:0: [sda] Attached SCSI disk
Begin: Loading essential drivers ... [    3.193258] md: linear personality registered for level -1
[    3.198682] md: multipath personality registered for level -4
[    3.203298] md: raid0 personality registered for level 0
[    3.210532] md: raid1 personality registered for level 1
[    3.282692] raid6: mmxx1    gen()  6638 MB/s
[    3.350598] raid6: mmxx2    gen()  6946 MB/s
[    3.418680] raid6: sse1x1   gen()  6076 MB/s
[    3.486674] raid6: sse1x2   gen()  7138 MB/s
[    3.554549] raid6: sse2x1   gen() 12501 MB/s
[    3.622691] raid6: sse2x1   xor()  8566 MB/s
[    3.690650] raid6: sse2x2   gen() 14985 MB/s
[    3.758619] raid6: sse2x2   xor() 10051 MB/s
[    3.826689] raid6: avx2x1   gen() 24760 MB/s
[    3.894654] raid6: avx2x2   gen() 23120 MB/s
[    3.895730] raid6: using algorithm avx2x1 gen() 24760 MB/s
[    3.897275] raid6: using avx2x1 recovery algorithm
[    3.901611] xor: automatically using best checksumming function:
[    3.942651]    avx       : 24506.000 MB/sec
[    3.946203] async_tx: api initialized (async)
[    3.967529] md: raid6 personality registered for level 6
[    3.968824] md: raid5 personality registered for level 5
[    3.969952] md: raid4 personality registered for level 4
[    3.980328] md: raid10 personality registered for level 10
done.
Begin: Running /scripts/init-premount ... done.
Begin: Mounting root file system ... Begin: Running /scripts/local-top ... done.
Begin: Running /scripts/local-premount ... [    4.022341] Btrfs loaded
Scanning for Btrfs filesystems
done.
Begin: Will now check root file system ... fsck from util-linux 2.27.1
[/sbin/fsck.ext4 (1) -- /dev/sda1] fsck.ext4 -a -C0 /dev/sda1 
cloudimg-rootfs: clean, 77506/5120000 files, 773676/10485499 blocks
done.
[    4.108082] EXT4-fs (sda1): mounted filesystem with ordered data mode. Opts: (null)
done.
Begin: Running /scripts/local-bottom ... done.
Begin: Running /scripts/init-bottom ... done.
[    4.748437] systemd[1]: systemd 229 running in system mode. (+PAM +AUDIT +SELINUX +IMA +APPARMOR +SMACK +SYSVINIT +UTMP +LIBCRYPTSETUP +GCRYPT +GNUTLS +ACL +XZ -LZ4 +SECCOMP +BLKID +ELFUTILS +KMOD -IDN)
[    4.753842] systemd[1]: Detected virtualization oracle.
[    4.755511] systemd[1]: Detected architecture x86.

Welcome to [1mUbuntu 16.04.7 LTS[0m!

[    4.773508] systemd[1]: Set hostname to <ubuntu-xenial>.
[    5.097464] random: nonblocking pool is initialized
[    5.587053] systemd[1]: Listening on LVM2 metadata daemon socket.
[[0;32m  OK  [0m] Listening on LVM2 metadata daemon socket.
[    5.590650] systemd[1]: Listening on udev Control Socket.
[[0;32m  OK  [0m] Listening on udev Control Socket.
[    5.593515] systemd[1]: Started Forward Password Requests to Wall Directory Watch.
[[0;32m  OK  [0m] Started Forward Password Requests to Wall Directory Watch.
[    5.596543] systemd[1]: Reached target Swap.
[[0;32m  OK  [0m] Reached target Swap.
[    5.598508] systemd[1]: Listening on Journal Socket.
[[0;32m  OK  [0m] Listening on Journal Socket.
[    5.600639] systemd[1]: Reached target Encrypted Volumes.
[[0;32m  OK  [0m] Reached target Encrypted Volumes.
[    5.607289] systemd[1]: Reached target System Time Synchronized.
[[0;32m  OK  [0m] Reached target System Time Synchronized.
[    5.615645] systemd[1]: Created slice User and Session Slice.
[[0;32m  OK  [0m] Created slice User and Session Slice.
[    5.623188] systemd[1]: Listening on Device-mapper event daemon FIFOs.
[[0;32m  OK  [0m] Listening on Device-mapper event daemon FIFOs.
[    5.626396] systemd[1]: Listening on udev Kernel Socket.
[[0;32m  OK  [0m] Listening on udev Kernel Socket.
[    5.628791] systemd[1]: Listening on /dev/initctl Compatibility Named Pipe.
[[0;32m  OK  [0m] Listening on /dev/initctl Compatibility Named Pipe.
[    5.631698] systemd[1]: Created slice System Slice.
[[0;32m  OK  [0m] Created slice System Slice.
[    5.643148] systemd[1]: Starting Nameserver information manager...
         Starting Nameserver information manager...
[    5.648912] systemd[1]: Reached target Slices.
[[0;32m  OK  [0m] Reached target Slices.
[    5.653175] systemd[1]: Mounting Debug File System...
         Mounting Debug File System...
[    5.663274] systemd[1]: Created slice system-serial\x2dgetty.slice.
[[0;32m  OK  [0m] Created slice system-serial\x2dgetty.slice.
[    5.683300] systemd[1]: Starting Create list of required static device nodes for the current kernel...
         Starting Create list of required st... nodes for the current kernel...
[    5.687584] systemd[1]: Mounting POSIX Message Queue File System...
         Mounting POSIX Message Queue File System...
[    5.695448] systemd[1]: Starting Set console keymap...
         Starting Set console keymap...
[    5.703547] systemd[1]: Listening on Journal Socket (/dev/log).
[[0;32m  OK  [0m] Listening on Journal Socket (/dev/log).
[    5.711971] systemd[1]: Starting Monitoring of LVM2 mirrors, snapshots etc. using dmeventd or progress polling...
         Starting Monitoring of LVM2 mirrors... dmeventd or progress polling...
[    5.722975] systemd[1]: Started Trigger resolvconf update for networkd DNS.
[[0;32m  OK  [0m] Started Trigger resolvconf update for networkd DNS.
[    5.755605] systemd[1]: Starting Load Kernel Modules...
         Starting Load Kernel Modules...
[    5.763122] systemd[1]: Listening on Journal Audit Socket.
[[0;32m  OK  [0m] Listening on Journal Audit Socket.
[    5.771005] systemd[1]: Reached target User and Group Name Lookups.
[[0;32m  OK  [0m] Reached target User and Group Name Lookups.
[    5.773324] systemd[1]: Listening on Syslog Socket.
[[0;32m  OK  [0m] Listening on Syslog Socket.
[    5.794957] systemd[1]: Starting Journal Service...
         Starting Journal Service...
[    5.798800] systemd[1]: Mounting Huge Pages File System...
         Mounting Huge Pages File System...
[    5.801615] systemd[1]: Listening on LVM2 poll daemon socket.
[[0;32m  OK  [0m] Listening on LVM2 poll daemon socket.
[    5.803851] systemd[1]: Set up automount Arbitrary Executable File Formats File System Automount Point.
[[0;32m  OK  [0m] Set up automount Arbitrary Executab...ats File System Automount Point.
[    5.818721] systemd[1]: Listening on fsck to fsckd communication Socket.
[[0;32m  OK  [0m] Listening on fsck to fsckd communication Socket.
[    5.821656] systemd[1]: Starting Remount Root and Kernel File Systems...
         Starting Remount Root and Kernel File Systems...
[    5.824409] systemd[1]: Starting Uncomplicated firewall...
         Starting Uncomplicated firewall...
[    5.827809] systemd[1]: Mounted Huge Pages File System.
[[0;32m  OK  [0m] Mounted Huge Pages File System.
[    5.835780] systemd[1]: Mounted POSIX Message Queue File System.
[[0;32m  OK  [0m] Mounted POSIX Message Queue File System.
[    5.838368] systemd[1]: Mounted Debug File System.
[[0;32m  OK  [0m] Mounted Debug File System.
[    5.841872] systemd[1]: Started Create list of required static device nodes for the current kernel.
[[0;32m  OK  [0m] Started Create list of required sta...ce nodes for the current kernel.
[    5.846865] systemd[1]: Starting Create Static Device Nodes in /dev...
         Starting Create Static Device Nodes in /dev...
[    5.853856] systemd[1]: Started Nameserver information manager.
[[0;32m  OK  [0m] Started Nameserver information manager.
[    5.891279] EXT4-fs (sda1): re-mounted. Opts: (null)
[    5.894096] systemd[1]: Started Remount Root and Kernel File Systems.
[[0;32m  OK  [0m] Started Remount Root and Kernel File Systems.
[    5.915003] systemd[1]: Starting Load/Save Random Seed...
         Starting Load/Save Random Seed...
[    5.955019] systemd[1]: Starting udev Coldplug all Devices...
         Starting udev Coldplug all Devices...
[    5.958374] systemd[1]: Started Set console keymap.
[[0;32m  OK  [0m] Started Set console keymap.
[    5.961244] systemd[1]: Started Uncomplicated firewall.
[[0;32m  OK  [0m] Started Uncomplicated firewall.
[    5.963711] systemd[1]: Started Load/Save Random Seed.
[[0;32m  OK  [0m] Started Load/Save Random Seed.
[    5.978695] Loading iSCSI transport class v2.0-870.
[    6.019076] systemd[1]: Started LVM2 metadata daemon.
[[0;32m  OK  [0m] Started LVM2 metadata daemon.
[    6.064828] systemd[1]: Started udev Coldplug all Devices.
[[0;32m  OK  [0m] Started udev Coldplug all Devices.
[    6.074913] systemd[1]: Started Journal Service.
[[0;32m  OK  [0m] Started Journal Service.
[    6.078313] iscsi: registered transport (tcp)
         Starting Flush Journal to Persistent Storage...
[    6.180381] systemd-journald[383]: Received request to flush runtime journal from PID 1
[[0;32m  OK  [0m] Started Flush Journal to Persistent Storage.
[[0;32m  OK  [0m] Started Create Static Device Nodes in /dev.
         Starting udev Kernel Device Manager...
[    6.307454] iscsi: registered transport (iser)
[[0;32m  OK  [0m] Started Load Kernel Modules.
         Mounting FUSE Control File System...
         Starting Apply Kernel Variables...
[[0;32m  OK  [0m] Mounted FUSE Control File System.
[[0;32m  OK  [0m] Started Apply Kernel Variables.
[[0;32m  OK  [0m] Started Monitoring of LVM2 mirrors,...ng dmeventd or progress polling.
[[0;32m  OK  [0m] Reached target Local File Systems (Pre).
[[0;32m  OK  [0m] Reached target Local File Systems.
         Starting Tell Plymouth To Write Out Runtime Data...
         Starting Initial cloud-init job (pre-networking)...
         Starting Create Volatile Files and Directories...
         Starting LSB: AppArmor initialization...
         Starting Set console font and keymap...
[[0;32m  OK  [0m] Started udev Kernel Device Manager.
[[0;32m  OK  [0m] Started Dispatch Password Requests to Console Directory Watch.
[[0;32m  OK  [0m] Started Tell Plymouth To Write Out Runtime Data.
[[0;32m  OK  [0m] Found device /dev/ttyS0.
[[0;32m  OK  [0m] Started Create Volatile Files and Directories.
         Starting Update UTMP about System Boot/Shutdown...
[[0;32m  OK  [0m] Listening on Load/Save RF Kill Switch Status /dev/rfkill Watch.
[[0;32m  OK  [0m] Started Set console font and keymap.
[[0;32m  OK  [0m] Created slice system-getty.slice.
[[0;32m  OK  [0m] Started Update UTMP about System Boot/Shutdown.
[[0;32m  OK  [0m] Found device 82540EM Gigabit Ethern...r (PRO/1000 MT Desktop Adapter).
[[0;32m  OK  [0m] Started LSB: AppArmor initialization.
         Starting Load AppArmor profiles managed internally by snapd...
[[0;32m  OK  [0m] Started Load AppArmor profiles managed internally by snapd.
[    9.581661] cloud-init[475]: Cloud-init v. 21.1-19-gbad84ad4-0ubuntu1~16.04.2 running 'init-local' at Sat, 07 May 2022 11:27:41 +0000. Up 9.04 seconds.
[[0;32m  OK  [0m] Started Initial cloud-init job (pre-networking).
[[0;32m  OK  [0m] Reached target Network (Pre).
[[0;32m  OK  [0m] Started ifup for enp0s3.
         Starting Raise network interfaces...
[[0;32m  OK  [0m] Started Raise network interfaces.
         Starting Initial cloud-init job (metadata service crawler)...
[[0;32m  OK  [0m] Reached target Network.
[   11.052268] cloud-init[965]: Cloud-init v. 21.1-19-gbad84ad4-0ubuntu1~16.04.2 running 'init' at Sat, 07 May 2022 11:27:43 +0000. Up 10.46 seconds.
[   11.053830] cloud-init[965]: ci-info: ++++++++++++++++++++++++++++++++++++++Net device info++++++++++++++++++++++++++++++++++++++
[   11.055070] cloud-init[965]: ci-info: +--------+------+----------------------------+---------------+--------+-------------------+
[   11.056375] cloud-init[965]: ci-info: | Device |  Up  |          Address           |      Mask     | Scope  |     Hw-Address    |
[   11.064395] cloud-init[965]: ci-info: +--------+------+----------------------------+---------------+--------+-------------------+
[   11.072567] cloud-init[965]: ci-info: | enp0s3 | True |         10.0.2.15          | 255.255.255.0 | global | 02:4c:f1:9f:ae:47 |
[   11.074135] cloud-init[965]: ci-info: | enp0s3 | True | fe80::4c:f1ff:fe9f:ae47/64 |       .       |  link  | 02:4c:f1:9f:ae:47 |
[   11.080425] cloud-init[965]: ci-info: |   lo   | True |         127.0.0.1          |   255.0.0.0   |  host  |         .         |
[   11.081751] cloud-init[965]: ci-info: |   lo   | True |          ::1/128           |       .       |  host  |         .         |
[   11.083242] cloud-init[965]: ci-info: +--------+------+----------------------------+---------------+--------+-------------------+
[   11.084868] cloud-init[965]: ci-info: +++++++++++++++++++++++++++Route IPv4 info++++++++++++++++++++++++++++
[   11.086238] cloud-init[965]: ci-info: +-------+-------------+----------+---------------+-----------+-------+
[   11.087555] cloud-init[965]: ci-info: | Route | Destination | Gateway  |    Genmask    | Interface | Flags |
[   11.089138] cloud-init[965]: ci-info: +-------+-------------+----------+---------------+-----------+-------+
[   11.090415] cloud-init[965]: ci-info: |   0   |   0.0.0.0   | 10.0.2.2 |    0.0.0.0    |   enp0s3  |   UG  |
[   11.096383] cloud-init[965]: ci-info: |   1   |   10.0.2.0  | 0.0.0.0  | 255.255.255.0 |   enp0s3  |   U   |
[   11.104416] cloud-init[965]: ci-info: +-------+-------------+----------+---------------+-----------+-------+
[   11.113177] cloud-init[965]: ci-info: +++++++++++++++++++Route IPv6 info+++++++++++++++++++
[   11.114261] cloud-init[965]: ci-info: +-------+-------------+---------+-----------+-------+
[   11.115384] cloud-init[965]: ci-info: | Route | Destination | Gateway | Interface | Flags |
[   11.116607] cloud-init[965]: ci-info: +-------+-------------+---------+-----------+-------+
[   11.120247] cloud-init[965]: ci-info: |   0   |  fe80::/64  |    ::   |   enp0s3  |   U   |
[   11.120382] cloud-init[965]: ci-info: |   3   |   ff00::/8  |    ::   |   enp0s3  |   U   |
[   11.120636] cloud-init[965]: ci-info: +-------+-------------+---------+-----------+-------+
[[0;32m  OK  [0m] Started Initial cloud-init job (metadata service crawler).
[[0;32m  OK  [0m] Reached target Network is Online.
         Starting iSCSI initiator daemon (iscsid)...
[[0;32m  OK  [0m] Reached target System Initialization.
         Starting LXD - unix socket.
[[0;32m  OK  [0m] Started Daily Cleanup of Temporary Directories.
[[0;32m  OK  [0m] Started Message of the Day.
[[0;32m  OK  [0m] Started Trigger to poll for Ubuntu ...nly enabled on GCP LTS non-pro).
[[0;32m  OK  [0m] Started Daily apt download activities.
[[0;32m  OK  [0m] Listening on UUID daemon activation socket.
[[0;32m  OK  [0m] Started Ubuntu Advantage Timer for running repeated jobs.
[[0;32m  OK  [0m] Started Daily apt upgrade and clean activities.
[[0;32m  OK  [0m] Reached target Timers.
[[0;32m  OK  [0m] Listening on D-Bus System Message Bus Socket.
         Starting Socket activation for snappy daemon.
[[0;32m  OK  [0m] Listening on ACPID Listen Socket.
[[0;32m  OK  [0m] Started ACPI Events Check.
[[0;32m  OK  [0m] Reached target Paths.
[[0;32m  OK  [0m] Reached target Cloud-config availability.
[[0;32m  OK  [0m] Listening on LXD - unix socket.
[[0;32m  OK  [0m] Listening on Socket activation for snappy daemon.
[[0;32m  OK  [0m] Reached target Sockets.
[[0;32m  OK  [0m] Reached target Basic System.
[[0;32m  OK  [0m] Started D-Bus System Message Bus.
         Starting LSB: MD monitoring daemon...
[[0;32m  OK  [0m] Started Regular background program processing daemon.
         Starting MySQL Community Server...
         Starting Accounts Service...
[[0;32m  OK  [0m] Started Deferred execution scheduler.
[[0;32m  OK  [0m] Started ACPI event daemon.
         Starting /etc/rc.local Compatibility...
         Starting System Logging Service...
         Starting Message of the Day...
         Starting LSB: Record successful boot for GRUB...
         Starting OpenBSD Secure Shell server...
[[0;32m  OK  [0m] Started FUSE filesystem for LXC.
         Starting Login Service...
         Starting Snap Daemon...
         Starting LXD - container startup/shutdown...
         Starting vboxadd.service...
[[0;32m  OK  [0m] Started iSCSI initiator daemon (iscsid).
[[0;32m  OK  [0m] Started /etc/rc.local Compatibility.
[[0;32m  OK  [0m] Started Message of the Day.
         Starting Login to default iSCSI targets...
[[0;32m  OK  [0m] Started Login Service.
[[0;32m  OK  [0m] Started Unattended Upgrades Shutdown.
[[0;32m  OK  [0m] Started LSB: Record successful boot for GRUB.
[[0;32m  OK  [0m] Started System Logging Service.
[[0;32m  OK  [0m] Started Login to default iSCSI targets.
[[0;32m  OK  [0m] Reached target Remote File Systems (Pre).
         Mounting /vagrant...
[[0;32m  OK  [0m] Started LSB: MD monitoring daemon.
[[0;1;31mFAILED[0m] Failed to mount /vagrant.
See 'systemctl status vagrant.mount' for details.
[[0;1;33mDEPEND[0m] Dependency failed for Remote File Systems.
         Starting LSB: automatic crash report generation...
         Starting LSB: Set the CPU Frequency Scaling governor to "ondemand"...
         Starting LSB: daemon to balance interrupts for SMP systems...
         Starting Permit User Sessions...
[[0;32m  OK  [0m] Started LSB: Set the CPU Frequency Scaling governor to "ondemand".
[[0;32m  OK  [0m] Started OpenBSD Secure Shell server.
[[0;32m  OK  [0m] Started LSB: automatic crash report generation.
         Starting Authenticate and Authorize Users to Run Privileged Tasks...
[[0;32m  OK  [0m] Started Permit User Sessions.
         Starting Hold until boot process finishes up...
         Starting Terminate Plymouth Boot Screen...
[[0;32m  OK  [0m] Started Hold until boot process finishes up.
[[0;32m  OK  [0m] Started Serial Getty on ttyS0.
         Starting Set console scheme...
[[0;32m  OK  [0m] Started Getty on tty1.
[[0;32m  OK  [0m] Reached target Login Prompts.
[[0;32m  OK  [0m] Started LSB: daemon to balance interrupts for SMP systems.
[[0;32m  OK  [0m] Started Terminate Plymouth Boot Screen.
[[0;32m  OK  [0m] Started Set console scheme.
[[0;32m  OK  [0m] Started Authenticate and Authorize Users to Run Privileged Tasks.
[[0;32m  OK  [0m] Started Accounts Service.
[[0;32m  OK  [0m] Created slice User Slice of vagrant.
         Starting User Manager for UID 1000...
[[0;32m  OK  [0m] Started Session 1 of user vagrant.
[[0;32m  OK  [0m] Started User Manager for UID 1000.
[[0;32m  OK  [0m] Started LXD - container startup/shutdown.
[[0;32m  OK  [0m] Started Snap Daemon.
         Starting Wait until snapd is fully seeded...
[[0;32m  OK  [0m] Started Wait until snapd is fully seeded.
         Starting Apply the settings specified in cloud-config...
[   16.850017] cloud-init[1308]: Cloud-init v. 21.1-19-gbad84ad4-0ubuntu1~16.04.2 running 'modules:config' at Sat, 07 May 2022 11:27:48 +0000. Up 16.26 seconds.
[[0;32m  OK  [0m] Started Apply the settings specified in cloud-config.

Ubuntu 16.04.7 LTS ubuntu-xenial ttyS0

ubuntu-xenial login: [   21.429096] cloud-init[1442]: Cloud-init v. 21.1-19-gbad84ad4-0ubuntu1~16.04.2 running 'modules:final' at Sat, 07 May 2022 11:27:53 +0000. Up 21.09 seconds.
[   21.430073] cloud-init[1442]: Cloud-init v. 21.1-19-gbad84ad4-0ubuntu1~16.04.2 finished at Sat, 07 May 2022 11:27:53 +0000. Datasource DataSourceNoCloud [seed=/dev/sdb][dsmode=net].  Up 21.42 seconds
[[0;32m  OK  [0m] Stopped target Graphical Interface.
[[0;32m  OK  [0m] Stopped target Timers.
[[0;32m  OK  [0m] Stopped Ubuntu Advantage Timer for running repeated jobs.
[[0;32m  OK  [0m] Stopped Message of the Day.
         Stopping Session 2 of user vagrant.
         Stopping Accounts Service...
[[0;32m  OK  [0m] Closed Load/Save RF Kill Switch Status /dev/rfkill Watch.
[[0;32m  OK  [0m] Stopped Daily Cleanup of Temporary Directories.
         Unmounting /vagrant...
[[0;32m  OK  [0m] Stopped Daily apt upgrade and clean activities.
         Stopping ACPI event daemon...
[[0;32m  OK  [0m] Stopped Daily apt download activities.
[[0;32m  OK  [0m] Stopped target System Time Synchronized.
[[0;32m  OK  [0m] Stopped target Cloud-init target.
[[0;32m  OK  [0m] Stopped Execute cloud user/final scripts.
[[0;32m  OK  [0m] Stopped Apply the settings specified in cloud-config.
[[0;32m  OK  [0m] Stopped target Cloud-config availability.
         Stopping User Manager for UID 1000...
[[0;32m  OK  [0m] Stopped target Multi-User System.
         Stopping LSB: Set the CPU Frequency Scaling governor to "ondemand"...
         Stopping Deferred execution scheduler...
         Stopping OpenBSD Secure Shell server...
         Stopping LSB: MD monitoring daemon...
         Stopping System Logging Service...
         Stopping FUSE filesystem for LXC...
         Stopping LSB: automatic crash report generation...
         Stopping D-Bus System Message Bus...
         Stopping LSB: daemon to balance interrupts for SMP systems...
         Stopping LSB: Record successful boot for GRUB...
[[0;32m  OK  [0m] Stopped Wait until snapd is fully seeded.
         Stopping Regular background program processing daemon...
[[0;32m  OK           Stopping Serial Getty on ttyS0...
         Stopping MySQL Community Server...
         Stopping vboxadd-service.service...
         Stopping LXD - container startup/shutdown...
         Stopping Authenticate and Authorize Users to Run Privileged Tasks...
[[0;32m  OK  [0m] Unmounted /var/lib/lxcfs.
[[0;32m  OK  [0m] Stopped Regular background program processing daemon.
[[0;32m  OK  [0m] Stopped Accounts Service.
[[0;32m  OK  [0m] Stopped Deferred execution scheduler.
[[0;32m  OK  [0m] Stopped System Logging Service.
[[0;32m  OK  [0m] Stopped ACPI event daemon.
[[0;32m  OK  [0m] Stopped OpenBSD Secure Shell server.
[[0;32m  OK  [0m] Stopped Authenticate and Authorize Users to Run Privileged Tasks.
[[0;32m  OK  [0m] Stopped Serial Getty on ttyS0.
[[0;32m  OK  [0m] Stopped Getty on tty1.
[[0;32m  OK  [0m] Stopped User Manager for UID 1000.
[[0;32m  OK  [0m] Stopped Session 2 of user vagrant.
[[0;32m  OK  [0m] Unmounted /vagrant.
[[0;32m  OK  [0m] Stopped D-Bus System Message Bus.
[[0;32m  OK  [0m] Stopped vboxadd-service.service.
[[0;32m  OK  [0m] Stopped FUSE filesystem for LXC.
[[0;32m  OK  [0m] Stopped LSB: Set the CPU Frequency Scaling governor to "ondemand".
[[0;32m  OK  [0m] Stopped LSB: daemon to balance interrupts for SMP systems.
[[0;32m  OK  [0m] Stopped LSB: MD monitoring daemon.
[[0;32m  OK  [0m] Stopped LSB: Record successful boot for GRUB.
[[0;32m  OK  [0m] Stopped LXD - container startup/shutdown.
         Stopping vboxadd.service...
[[0;32m  OK  [0m] Stopped target Remote File Systems (Pre).
         Stopping Login to default iSCSI targets...
[[0;32m  OK  [0m] Removed slice User Slice of vagrant.
         Stopping Login Service...
[[0;32m  OK  [0m] Removed slice system-getty.slice.
         Stopping Permit User Sessions...
[[0;32m  OK  [0m] Stopped /etc/rc.local Compatibility.
[[0;32m  OK  [0m] Removed slice system-serial\x2dgetty.slice.
[[0;32m  OK  [0m] Stopped LSB: automatic crash report generation.
[[0;32m  OK  [0m] Stopped Permit User Sessions.
[[0;32m  OK  [0m] Stopped Login Service.
[[0;32m  OK  [0m] Stopped target User and Group Name Lookups.
[[0;32m  OK  [0m] Stopped vboxadd.service.
[[0;32m  OK  [0m] Stopped Login to default iSCSI targets.
         Stopping iSCSI initiator daemon (iscsid)...
[[0;32m  OK  [0m] Stopped iSCSI initiator daemon (iscsid).
[[0;32m  OK  [0m] Stopped target Network is Online.
[[0;32m  OK  [0m] Stopped MySQL Community Server.
[[0;32m  OK  [0m] Stopped target Basic System.
[[0;32m  OK  [0m] Stopped target Sockets.
[[0;32m  OK  [0m] Closed Syslog Socket.
[[0;32m  OK  [0m] Closed UUID daemon activation socket.
[[0;32m  OK  [0m] Closed ACPID Listen Socket.
[[0;32m  OK  [0m] Closed LXD - unix socket.
[[0;32m  OK  [0m] Closed D-Bus System Message Bus Socket.
[[0;32m  OK  [0m] Closed Socket activation for snappy daemon.
[[0;32m  OK  [0m] Stopped target Slices.
[[0;32m  OK  [0m] Removed slice User and Session Slice.
[[0;32m  OK  [0m] Stopped target Paths.
[[0;32m  OK  [0m] Stopped Dispatch Password Requests to Console Directory Watch.
[[0;32m  OK  [0m] Stopped Trigger to poll for Ubuntu ...nly enabled on GCP LTS non-pro).
[[0;32m  OK  [0m] Stopped Forward Password Requests to Wall Directory Watch.
[[0;32m  OK  [0m] Stopped ACPI Events Check.
[[0;32m  OK  [0m] Stopped target System Initialization.
[[0;32m  OK  [0m] Stopped Initial cloud-init job (metadata service crawler).
[[0;32m  OK  [0m] Stopped target Encrypted Volumes.
[[0;32m  OK  [0m] Stopped target Swap.
         Stopping Load/Save Random Seed...
         Stopping Update UTMP about System Boot/Shutdown...
[[0;32m  OK  [0m] Stopped target Network.
         Stopping Raise network interfaces...
[[0;32m  OK  [0m] Stopped Load/Save Random Seed.
[[0;32m  OK  [0m] Stopped Update UTMP about System Boot/Shutdown.
[[0;32m  OK  [0m] Stopped Create Volatile Files and Directories.
[[0;32m  OK  [0m] Stopped Raise network interfaces.
[[0;32m  OK  [0m] Stopped target Local File Systems.
         Unmounting /run/user/1000...
[[0;32m  OK  [0m] Stopped target Network (Pre).
[[0;32m  OK  [0m] Stopped Initial cloud-init job (pre-networking).
[[0;32m  OK  [0m] Stopped Apply Kernel Variables.
[[0;32m  OK  [0m] Stopped Load Kernel Modules.
[[0;32m  OK  [0m] Unmounted /run/user/1000.
[[0;32m  OK  [0m] Reached target Unmount All Filesystems.
[[0;32m  OK  [0m] Stopped target Local File Systems (Pre).
[[0;32m  OK  [0m] Stopped Create Static Device Nodes in /dev.
[[0;32m  OK  [0m] Stopped Remount Root and Kernel File Systems.
[[0;32m  OK  [0m] Reached target Shutdown.
[  425.533624] reboot: Power down
